ERROR - 2024-04-15 00:03:54 --> Error connecting to the database: mysqli_sql_exception: Nenhuma conexão pôde ser feita porque a máquina de destino as recusou ativamente in D:\Github\scr-codeigniter\system\Database\MySQLi\Connection.php:186
Stack trace:
#0 D:\Github\scr-codeigniter\system\Database\MySQLi\Connection.php(186): mysqli->real_connect('localhost', 'root', Object(SensitiveParameterValue), 'scr', 3306, '', 0)
#1 D:\Github\scr-codeigniter\system\Database\BaseConnection.php(420): CodeIgniter\Database\MySQLi\Connection->connect(false)
#2 D:\Github\scr-codeigniter\system\Database\BaseConnection.php(603): CodeIgniter\Database\BaseConnection->initialize()
#3 D:\Github\scr-codeigniter\app\Models\Event.php(99): CodeIgniter\Database\BaseConnection->query('SELECT * FROM e...')
#4 D:\Github\scr-codeigniter\app\Controllers\Home.php(21): App\Models\Event->findAll(Object(CodeIgniter\Database\MySQLi\Connection))
#5 D:\Github\scr-codeigniter\system\CodeIgniter.php(933): App\Controllers\Home->index()
#6 D:\Github\scr-codeigniter\system\CodeIgniter.php(509): CodeIgniter\CodeIgniter->runController(Object(App\Controllers\Home))
#7 D:\Github\scr-codeigniter\system\CodeIgniter.php(355): CodeIgniter\CodeIgniter->handleRequest(NULL, Object(Config\Cache), false)
#8 D:\Github\scr-codeigniter\system\Boot.php(312): CodeIgniter\CodeIgniter->run()
#9 D:\Github\scr-codeigniter\system\Boot.php(67): CodeIgniter\Boot::runCodeIgniter(Object(CodeIgniter\CodeIgniter))
#10 D:\Github\scr-codeigniter\public\index.php(56): CodeIgniter\Boot::bootWeb(Object(Config\Paths))
#11 D:\Github\scr-codeigniter\system\Commands\Server\rewrite.php(49): require_once('D:\\Github\\scr-c...')
#12 {main}

Next CodeIgniter\Database\Exceptions\DatabaseException: Nenhuma conexão pôde ser feita porque a máquina de destino as recusou ativamente in D:\Github\scr-codeigniter\system\Database\MySQLi\Connection.php:231
Stack trace:
#0 D:\Github\scr-codeigniter\system\Database\BaseConnection.php(420): CodeIgniter\Database\MySQLi\Connection->connect(false)
#1 D:\Github\scr-codeigniter\system\Database\BaseConnection.php(603): CodeIgniter\Database\BaseConnection->initialize()
#2 D:\Github\scr-codeigniter\app\Models\Event.php(99): CodeIgniter\Database\BaseConnection->query('SELECT * FROM e...')
#3 D:\Github\scr-codeigniter\app\Controllers\Home.php(21): App\Models\Event->findAll(Object(CodeIgniter\Database\MySQLi\Connection))
#4 D:\Github\scr-codeigniter\system\CodeIgniter.php(933): App\Controllers\Home->index()
#5 D:\Github\scr-codeigniter\system\CodeIgniter.php(509): CodeIgniter\CodeIgniter->runController(Object(App\Controllers\Home))
#6 D:\Github\scr-codeigniter\system\CodeIgniter.php(355): CodeIgniter\CodeIgniter->handleRequest(NULL, Object(Config\Cache), false)
#7 D:\Github\scr-codeigniter\system\Boot.php(312): CodeIgniter\CodeIgniter->run()
#8 D:\Github\scr-codeigniter\system\Boot.php(67): CodeIgniter\Boot::runCodeIgniter(Object(CodeIgniter\CodeIgniter))
#9 D:\Github\scr-codeigniter\public\index.php(56): CodeIgniter\Boot::bootWeb(Object(Config\Paths))
#10 D:\Github\scr-codeigniter\system\Commands\Server\rewrite.php(49): require_once('D:\\Github\\scr-c...')
#11 {main}
CRITICAL - 2024-04-15 00:03:54 --> CodeIgniter\Database\Exceptions\DatabaseException: Unable to connect to the database.
Main connection [MySQLi]: Nenhuma conexão pôde ser feita porque a máquina de destino as recusou ativamente
[Method: GET, Route: /]
in SYSTEMPATH\Database\BaseConnection.php on line 456.
 1 SYSTEMPATH\Database\BaseConnection.php(603): CodeIgniter\Database\BaseConnection->initialize()
 2 APPPATH\Models\Event.php(99): CodeIgniter\Database\BaseConnection->query('SELECT * FROM events;')
 3 APPPATH\Controllers\Home.php(21): App\Models\Event->findAll(Object(CodeIgniter\Database\MySQLi\Connection))
 4 SYSTEMPATH\CodeIgniter.php(933): App\Controllers\Home->index()
 5 SYSTEMPATH\CodeIgniter.php(509): CodeIgniter\CodeIgniter->runController(Object(App\Controllers\Home))
 6 SYSTEMPATH\CodeIgniter.php(355): CodeIgniter\CodeIgniter->handleRequest(null, Object(Config\Cache), false)
 7 SYSTEMPATH\Boot.php(312): CodeIgniter\CodeIgniter->run()
 8 SYSTEMPATH\Boot.php(67): CodeIgniter\Boot::runCodeIgniter(Object(CodeIgniter\CodeIgniter))
 9 FCPATH\index.php(56): CodeIgniter\Boot::bootWeb(Object(Config\Paths))
10 SYSTEMPATH\Commands\Server\rewrite.php(49): require_once('D:\\Github\\scr-codeigniter\\public\\index.php')
WARNING - 2024-04-15 00:04:37 --> [DEPRECATED] strcmp(): Passing null to parameter #1 ($string1) of type string is deprecated in APPPATH\Views\home\index.php on line 28.
 1 APPPATH\Views\home\index.php(28): strcmp(null, '0')
 2 SYSTEMPATH\View\View.php(234): include('D:\\Github\\scr-codeigniter\\app\\Views\\home\\index.php')
 3 SYSTEMPATH\View\View.php(237): CodeIgniter\View\View->CodeIgniter\View\{closure}()
 4 SYSTEMPATH\Common.php(1171): CodeIgniter\View\View->render('home/index', [], true)
 5 APPPATH\Controllers\Home.php(33): view('home/index', [...])
 6 SYSTEMPATH\CodeIgniter.php(933): App\Controllers\Home->index()
 7 SYSTEMPATH\CodeIgniter.php(509): CodeIgniter\CodeIgniter->runController(Object(App\Controllers\Home))
 8 SYSTEMPATH\CodeIgniter.php(355): CodeIgniter\CodeIgniter->handleRequest(null, Object(Config\Cache), false)
 9 SYSTEMPATH\Boot.php(312): CodeIgniter\CodeIgniter->run()
10 SYSTEMPATH\Boot.php(67): CodeIgniter\Boot::runCodeIgniter(Object(CodeIgniter\CodeIgniter))
11 FCPATH\index.php(56): CodeIgniter\Boot::bootWeb(Object(Config\Paths))
12 SYSTEMPATH\Commands\Server\rewrite.php(49): require_once('D:\\Github\\scr-codeigniter\\public\\index.php')
WARNING - 2024-04-15 00:04:37 --> [DEPRECATED] strcmp(): Passing null to parameter #1 ($string1) of type string is deprecated in APPPATH\Views\home\index.php on line 29.
 1 APPPATH\Views\home\index.php(29): strcmp(null, '1')
 2 SYSTEMPATH\View\View.php(234): include('D:\\Github\\scr-codeigniter\\app\\Views\\home\\index.php')
 3 SYSTEMPATH\View\View.php(237): CodeIgniter\View\View->CodeIgniter\View\{closure}()
 4 SYSTEMPATH\Common.php(1171): CodeIgniter\View\View->render('home/index', [], true)
 5 APPPATH\Controllers\Home.php(33): view('home/index', [...])
 6 SYSTEMPATH\CodeIgniter.php(933): App\Controllers\Home->index()
 7 SYSTEMPATH\CodeIgniter.php(509): CodeIgniter\CodeIgniter->runController(Object(App\Controllers\Home))
 8 SYSTEMPATH\CodeIgniter.php(355): CodeIgniter\CodeIgniter->handleRequest(null, Object(Config\Cache), false)
 9 SYSTEMPATH\Boot.php(312): CodeIgniter\CodeIgniter->run()
10 SYSTEMPATH\Boot.php(67): CodeIgniter\Boot::runCodeIgniter(Object(CodeIgniter\CodeIgniter))
11 FCPATH\index.php(56): CodeIgniter\Boot::bootWeb(Object(Config\Paths))
12 SYSTEMPATH\Commands\Server\rewrite.php(49): require_once('D:\\Github\\scr-codeigniter\\public\\index.php')
WARNING - 2024-04-15 00:04:37 --> [DEPRECATED] strcmp(): Passing null to parameter #1 ($string1) of type string is deprecated in APPPATH\Views\home\index.php on line 30.
 1 APPPATH\Views\home\index.php(30): strcmp(null, '2')
 2 SYSTEMPATH\View\View.php(234): include('D:\\Github\\scr-codeigniter\\app\\Views\\home\\index.php')
 3 SYSTEMPATH\View\View.php(237): CodeIgniter\View\View->CodeIgniter\View\{closure}()
 4 SYSTEMPATH\Common.php(1171): CodeIgniter\View\View->render('home/index', [], true)
 5 APPPATH\Controllers\Home.php(33): view('home/index', [...])
 6 SYSTEMPATH\CodeIgniter.php(933): App\Controllers\Home->index()
 7 SYSTEMPATH\CodeIgniter.php(509): CodeIgniter\CodeIgniter->runController(Object(App\Controllers\Home))
 8 SYSTEMPATH\CodeIgniter.php(355): CodeIgniter\CodeIgniter->handleRequest(null, Object(Config\Cache), false)
 9 SYSTEMPATH\Boot.php(312): CodeIgniter\CodeIgniter->run()
10 SYSTEMPATH\Boot.php(67): CodeIgniter\Boot::runCodeIgniter(Object(CodeIgniter\CodeIgniter))
11 FCPATH\index.php(56): CodeIgniter\Boot::bootWeb(Object(Config\Paths))
12 SYSTEMPATH\Commands\Server\rewrite.php(49): require_once('D:\\Github\\scr-codeigniter\\public\\index.php')
ERROR - 2024-04-15 00:05:09 --> mysqli_sql_exception: You have an error in your SQL syntax; check the manual that corresponds to your MySQL server version for the right syntax to use near 'LIKE '%00%'' at line 1 in D:\Github\scr-codeigniter\system\Database\MySQLi\Connection.php:308
Stack trace:
#0 D:\Github\scr-codeigniter\system\Database\MySQLi\Connection.php(308): mysqli->query('SELECT * FROM e...', 0)
#1 D:\Github\scr-codeigniter\system\Database\BaseConnection.php(721): CodeIgniter\Database\MySQLi\Connection->execute('SELECT * FROM e...')
#2 D:\Github\scr-codeigniter\system\Database\BaseConnection.php(635): CodeIgniter\Database\BaseConnection->simpleQuery('SELECT * FROM e...')
#3 D:\Github\scr-codeigniter\app\Models\Event.php(151): CodeIgniter\Database\BaseConnection->query('SELECT * FROM e...', Array)
#4 D:\Github\scr-codeigniter\app\Controllers\Home.php(17): App\Models\Event->find(Object(CodeIgniter\Database\MySQLi\Connection), '00', '', 0)
#5 D:\Github\scr-codeigniter\system\CodeIgniter.php(933): App\Controllers\Home->index()
#6 D:\Github\scr-codeigniter\system\CodeIgniter.php(509): CodeIgniter\CodeIgniter->runController(Object(App\Controllers\Home))
#7 D:\Github\scr-codeigniter\system\CodeIgniter.php(355): CodeIgniter\CodeIgniter->handleRequest(NULL, Object(Config\Cache), false)
#8 D:\Github\scr-codeigniter\system\Boot.php(312): CodeIgniter\CodeIgniter->run()
#9 D:\Github\scr-codeigniter\system\Boot.php(67): CodeIgniter\Boot::runCodeIgniter(Object(CodeIgniter\CodeIgniter))
#10 D:\Github\scr-codeigniter\public\index.php(56): CodeIgniter\Boot::bootWeb(Object(Config\Paths))
#11 D:\Github\scr-codeigniter\system\Commands\Server\rewrite.php(49): require_once('D:\\Github\\scr-c...')
#12 {main}
CRITICAL - 2024-04-15 00:05:09 --> CodeIgniter\Database\Exceptions\DatabaseException: You have an error in your SQL syntax; check the manual that corresponds to your MySQL server version for the right syntax to use near 'LIKE '%00%'' at line 1
[Method: GET, Route: home/index]
in SYSTEMPATH\Database\BaseConnection.php on line 675.
 1 APPPATH\Models\Event.php(151): CodeIgniter\Database\BaseConnection->query('SELECT * FROM eventsWHERE evt_description LIKE ?;', [...])
 2 APPPATH\Controllers\Home.php(17): App\Models\Event->find(Object(CodeIgniter\Database\MySQLi\Connection), '00', '', 0)
 3 SYSTEMPATH\CodeIgniter.php(933): App\Controllers\Home->index()
 4 SYSTEMPATH\CodeIgniter.php(509): CodeIgniter\CodeIgniter->runController(Object(App\Controllers\Home))
 5 SYSTEMPATH\CodeIgniter.php(355): CodeIgniter\CodeIgniter->handleRequest(null, Object(Config\Cache), false)
 6 SYSTEMPATH\Boot.php(312): CodeIgniter\CodeIgniter->run()
 7 SYSTEMPATH\Boot.php(67): CodeIgniter\Boot::runCodeIgniter(Object(CodeIgniter\CodeIgniter))
 8 FCPATH\index.php(56): CodeIgniter\Boot::bootWeb(Object(Config\Paths))
 9 SYSTEMPATH\Commands\Server\rewrite.php(49): require_once('D:\\Github\\scr-codeigniter\\public\\index.php')
CRITICAL - 2024-04-15 00:05:09 --> [Caused by] CodeIgniter\Database\Exceptions\DatabaseException: You have an error in your SQL syntax; check the manual that corresponds to your MySQL server version for the right syntax to use near 'LIKE '%00%'' at line 1
in SYSTEMPATH\Database\MySQLi\Connection.php on line 313.
 1 SYSTEMPATH\Database\BaseConnection.php(721): CodeIgniter\Database\MySQLi\Connection->execute('SELECT * FROM eventsWHERE evt_description LIKE \'%00%\';')
 2 SYSTEMPATH\Database\BaseConnection.php(635): CodeIgniter\Database\BaseConnection->simpleQuery('SELECT * FROM eventsWHERE evt_description LIKE \'%00%\';')
 3 APPPATH\Models\Event.php(151): CodeIgniter\Database\BaseConnection->query('SELECT * FROM eventsWHERE evt_description LIKE ?;', [...])
 4 APPPATH\Controllers\Home.php(17): App\Models\Event->find(Object(CodeIgniter\Database\MySQLi\Connection), '00', '', 0)
 5 SYSTEMPATH\CodeIgniter.php(933): App\Controllers\Home->index()
 6 SYSTEMPATH\CodeIgniter.php(509): CodeIgniter\CodeIgniter->runController(Object(App\Controllers\Home))
 7 SYSTEMPATH\CodeIgniter.php(355): CodeIgniter\CodeIgniter->handleRequest(null, Object(Config\Cache), false)
 8 SYSTEMPATH\Boot.php(312): CodeIgniter\CodeIgniter->run()
 9 SYSTEMPATH\Boot.php(67): CodeIgniter\Boot::runCodeIgniter(Object(CodeIgniter\CodeIgniter))
10 FCPATH\index.php(56): CodeIgniter\Boot::bootWeb(Object(Config\Paths))
11 SYSTEMPATH\Commands\Server\rewrite.php(49): require_once('D:\\Github\\scr-codeigniter\\public\\index.php')
CRITICAL - 2024-04-15 00:05:09 --> [Caused by] mysqli_sql_exception: You have an error in your SQL syntax; check the manual that corresponds to your MySQL server version for the right syntax to use near 'LIKE '%00%'' at line 1
in SYSTEMPATH\Database\MySQLi\Connection.php on line 308.
 1 SYSTEMPATH\Database\MySQLi\Connection.php(308): mysqli->query('SELECT * FROM eventsWHERE evt_description LIKE \'%00%\';', 0)
 2 SYSTEMPATH\Database\BaseConnection.php(721): CodeIgniter\Database\MySQLi\Connection->execute('SELECT * FROM eventsWHERE evt_description LIKE \'%00%\';')
 3 SYSTEMPATH\Database\BaseConnection.php(635): CodeIgniter\Database\BaseConnection->simpleQuery('SELECT * FROM eventsWHERE evt_description LIKE \'%00%\';')
 4 APPPATH\Models\Event.php(151): CodeIgniter\Database\BaseConnection->query('SELECT * FROM eventsWHERE evt_description LIKE ?;', [...])
 5 APPPATH\Controllers\Home.php(17): App\Models\Event->find(Object(CodeIgniter\Database\MySQLi\Connection), '00', '', 0)
 6 SYSTEMPATH\CodeIgniter.php(933): App\Controllers\Home->index()
 7 SYSTEMPATH\CodeIgniter.php(509): CodeIgniter\CodeIgniter->runController(Object(App\Controllers\Home))
 8 SYSTEMPATH\CodeIgniter.php(355): CodeIgniter\CodeIgniter->handleRequest(null, Object(Config\Cache), false)
 9 SYSTEMPATH\Boot.php(312): CodeIgniter\CodeIgniter->run()
10 SYSTEMPATH\Boot.php(67): CodeIgniter\Boot::runCodeIgniter(Object(CodeIgniter\CodeIgniter))
11 FCPATH\index.php(56): CodeIgniter\Boot::bootWeb(Object(Config\Paths))
12 SYSTEMPATH\Commands\Server\rewrite.php(49): require_once('D:\\Github\\scr-codeigniter\\public\\index.php')
CRITICAL - 2024-04-15 00:39:33 --> ErrorException: Undefined variable $page_title
[Method: GET, Route: parameterization/index]
in APPPATH\Views\shared\layout.php on line 7.
 1 APPPATH\Views\shared\layout.php(7): CodeIgniter\Debug\Exceptions->errorHandler(2, 'Undefined variable $page_title', 'D:\\Github\\scr-codeigniter\\app\\Views\\shared\\layout.php', 7)
 2 SYSTEMPATH\View\View.php(234): include('D:\\Github\\scr-codeigniter\\app\\Views\\shared\\layout.php')
 3 SYSTEMPATH\View\View.php(237): CodeIgniter\View\View->CodeIgniter\View\{closure}()
 4 SYSTEMPATH\View\View.php(250): CodeIgniter\View\View->render('shared/layout', [], true)
 5 SYSTEMPATH\Common.php(1171): CodeIgniter\View\View->render('parameterization/index', [], true)
 6 APPPATH\Controllers\Parameterization.php(9): view('parameterization/index')
 7 SYSTEMPATH\CodeIgniter.php(933): App\Controllers\Parameterization->index()
 8 SYSTEMPATH\CodeIgniter.php(509): CodeIgniter\CodeIgniter->runController(Object(App\Controllers\Parameterization))
 9 SYSTEMPATH\CodeIgniter.php(355): CodeIgniter\CodeIgniter->handleRequest(null, Object(Config\Cache), false)
10 SYSTEMPATH\Boot.php(312): CodeIgniter\CodeIgniter->run()
11 SYSTEMPATH\Boot.php(67): CodeIgniter\Boot::runCodeIgniter(Object(CodeIgniter\CodeIgniter))
12 FCPATH\index.php(56): CodeIgniter\Boot::bootWeb(Object(Config\Paths))
13 SYSTEMPATH\Commands\Server\rewrite.php(49): require_once('D:\\Github\\scr-codeigniter\\public\\index.php')
WARNING - 2024-04-15 14:32:26 --> [DEPRECATED] strcmp(): Passing null to parameter #1 ($string1) of type string is deprecated in APPPATH\Views\home\index.php on line 24.
 1 APPPATH\Views\home\index.php(24): strcmp(null, '0')
 2 SYSTEMPATH\View\View.php(234): include('D:\\Github\\scr-codeigniter\\app\\Views\\home\\index.php')
 3 SYSTEMPATH\View\View.php(237): CodeIgniter\View\View->CodeIgniter\View\{closure}()
 4 SYSTEMPATH\Common.php(1171): CodeIgniter\View\View->render('home/index', [], true)
 5 APPPATH\Controllers\Home.php(33): view('home/index', [...])
 6 SYSTEMPATH\CodeIgniter.php(933): App\Controllers\Home->index()
 7 SYSTEMPATH\CodeIgniter.php(509): CodeIgniter\CodeIgniter->runController(Object(App\Controllers\Home))
 8 SYSTEMPATH\CodeIgniter.php(355): CodeIgniter\CodeIgniter->handleRequest(null, Object(Config\Cache), false)
 9 SYSTEMPATH\Boot.php(312): CodeIgniter\CodeIgniter->run()
10 SYSTEMPATH\Boot.php(67): CodeIgniter\Boot::runCodeIgniter(Object(CodeIgniter\CodeIgniter))
11 FCPATH\index.php(56): CodeIgniter\Boot::bootWeb(Object(Config\Paths))
12 SYSTEMPATH\Commands\Server\rewrite.php(49): require_once('D:\\Github\\scr-codeigniter\\public\\index.php')
WARNING - 2024-04-15 14:32:26 --> [DEPRECATED] strcmp(): Passing null to parameter #1 ($string1) of type string is deprecated in APPPATH\Views\home\index.php on line 25.
 1 APPPATH\Views\home\index.php(25): strcmp(null, '1')
 2 SYSTEMPATH\View\View.php(234): include('D:\\Github\\scr-codeigniter\\app\\Views\\home\\index.php')
 3 SYSTEMPATH\View\View.php(237): CodeIgniter\View\View->CodeIgniter\View\{closure}()
 4 SYSTEMPATH\Common.php(1171): CodeIgniter\View\View->render('home/index', [], true)
 5 APPPATH\Controllers\Home.php(33): view('home/index', [...])
 6 SYSTEMPATH\CodeIgniter.php(933): App\Controllers\Home->index()
 7 SYSTEMPATH\CodeIgniter.php(509): CodeIgniter\CodeIgniter->runController(Object(App\Controllers\Home))
 8 SYSTEMPATH\CodeIgniter.php(355): CodeIgniter\CodeIgniter->handleRequest(null, Object(Config\Cache), false)
 9 SYSTEMPATH\Boot.php(312): CodeIgniter\CodeIgniter->run()
10 SYSTEMPATH\Boot.php(67): CodeIgniter\Boot::runCodeIgniter(Object(CodeIgniter\CodeIgniter))
11 FCPATH\index.php(56): CodeIgniter\Boot::bootWeb(Object(Config\Paths))
12 SYSTEMPATH\Commands\Server\rewrite.php(49): require_once('D:\\Github\\scr-codeigniter\\public\\index.php')
WARNING - 2024-04-15 14:32:26 --> [DEPRECATED] strcmp(): Passing null to parameter #1 ($string1) of type string is deprecated in APPPATH\Views\home\index.php on line 26.
 1 APPPATH\Views\home\index.php(26): strcmp(null, '2')
 2 SYSTEMPATH\View\View.php(234): include('D:\\Github\\scr-codeigniter\\app\\Views\\home\\index.php')
 3 SYSTEMPATH\View\View.php(237): CodeIgniter\View\View->CodeIgniter\View\{closure}()
 4 SYSTEMPATH\Common.php(1171): CodeIgniter\View\View->render('home/index', [], true)
 5 APPPATH\Controllers\Home.php(33): view('home/index', [...])
 6 SYSTEMPATH\CodeIgniter.php(933): App\Controllers\Home->index()
 7 SYSTEMPATH\CodeIgniter.php(509): CodeIgniter\CodeIgniter->runController(Object(App\Controllers\Home))
 8 SYSTEMPATH\CodeIgniter.php(355): CodeIgniter\CodeIgniter->handleRequest(null, Object(Config\Cache), false)
 9 SYSTEMPATH\Boot.php(312): CodeIgniter\CodeIgniter->run()
10 SYSTEMPATH\Boot.php(67): CodeIgniter\Boot::runCodeIgniter(Object(CodeIgniter\CodeIgniter))
11 FCPATH\index.php(56): CodeIgniter\Boot::bootWeb(Object(Config\Paths))
12 SYSTEMPATH\Commands\Server\rewrite.php(49): require_once('D:\\Github\\scr-codeigniter\\public\\index.php')
