WARNING - 2024-06-05 12:45:19 --> [DEPRECATED] strcmp(): Passing null to parameter #1 ($string1) of type string is deprecated in APPPATH/Views/home/index.php on line 24.
 1 APPPATH/Views/home/index.php(24): strcmp(null, '0')
 2 SYSTEMPATH/View/View.php(234): include('/home/scr/scr-codeigniter/app/Views/home/index.php')
 3 SYSTEMPATH/View/View.php(237): CodeIgniter\View\View->CodeIgniter\View\{closure}()
 4 SYSTEMPATH/Common.php(1171): CodeIgniter\View\View->render('home/index', [], true)
 5 APPPATH/Controllers/Home.php(33): view('home/index', [...])
 6 SYSTEMPATH/CodeIgniter.php(933): App\Controllers\Home->index()
 7 SYSTEMPATH/CodeIgniter.php(509): CodeIgniter\CodeIgniter->runController(Object(App\Controllers\Home))
 8 SYSTEMPATH/CodeIgniter.php(355): CodeIgniter\CodeIgniter->handleRequest(null, Object(Config\Cache), false)
 9 SYSTEMPATH/Boot.php(312): CodeIgniter\CodeIgniter->run()
10 SYSTEMPATH/Boot.php(67): CodeIgniter\Boot::runCodeIgniter(Object(CodeIgniter\CodeIgniter))
11 FCPATH/index.php(56): CodeIgniter\Boot::bootWeb(Object(Config\Paths))
12 SYSTEMPATH/Commands/Server/rewrite.php(49): require_once('/home/scr/scr-codeigniter/public/index.php')
WARNING - 2024-06-05 12:45:19 --> [DEPRECATED] strcmp(): Passing null to parameter #1 ($string1) of type string is deprecated in APPPATH/Views/home/index.php on line 25.
 1 APPPATH/Views/home/index.php(25): strcmp(null, '1')
 2 SYSTEMPATH/View/View.php(234): include('/home/scr/scr-codeigniter/app/Views/home/index.php')
 3 SYSTEMPATH/View/View.php(237): CodeIgniter\View\View->CodeIgniter\View\{closure}()
 4 SYSTEMPATH/Common.php(1171): CodeIgniter\View\View->render('home/index', [], true)
 5 APPPATH/Controllers/Home.php(33): view('home/index', [...])
 6 SYSTEMPATH/CodeIgniter.php(933): App\Controllers\Home->index()
 7 SYSTEMPATH/CodeIgniter.php(509): CodeIgniter\CodeIgniter->runController(Object(App\Controllers\Home))
 8 SYSTEMPATH/CodeIgniter.php(355): CodeIgniter\CodeIgniter->handleRequest(null, Object(Config\Cache), false)
 9 SYSTEMPATH/Boot.php(312): CodeIgniter\CodeIgniter->run()
10 SYSTEMPATH/Boot.php(67): CodeIgniter\Boot::runCodeIgniter(Object(CodeIgniter\CodeIgniter))
11 FCPATH/index.php(56): CodeIgniter\Boot::bootWeb(Object(Config\Paths))
12 SYSTEMPATH/Commands/Server/rewrite.php(49): require_once('/home/scr/scr-codeigniter/public/index.php')
WARNING - 2024-06-05 12:45:19 --> [DEPRECATED] strcmp(): Passing null to parameter #1 ($string1) of type string is deprecated in APPPATH/Views/home/index.php on line 26.
 1 APPPATH/Views/home/index.php(26): strcmp(null, '2')
 2 SYSTEMPATH/View/View.php(234): include('/home/scr/scr-codeigniter/app/Views/home/index.php')
 3 SYSTEMPATH/View/View.php(237): CodeIgniter\View\View->CodeIgniter\View\{closure}()
 4 SYSTEMPATH/Common.php(1171): CodeIgniter\View\View->render('home/index', [], true)
 5 APPPATH/Controllers/Home.php(33): view('home/index', [...])
 6 SYSTEMPATH/CodeIgniter.php(933): App\Controllers\Home->index()
 7 SYSTEMPATH/CodeIgniter.php(509): CodeIgniter\CodeIgniter->runController(Object(App\Controllers\Home))
 8 SYSTEMPATH/CodeIgniter.php(355): CodeIgniter\CodeIgniter->handleRequest(null, Object(Config\Cache), false)
 9 SYSTEMPATH/Boot.php(312): CodeIgniter\CodeIgniter->run()
10 SYSTEMPATH/Boot.php(67): CodeIgniter\Boot::runCodeIgniter(Object(CodeIgniter\CodeIgniter))
11 FCPATH/index.php(56): CodeIgniter\Boot::bootWeb(Object(Config\Paths))
12 SYSTEMPATH/Commands/Server/rewrite.php(49): require_once('/home/scr/scr-codeigniter/public/index.php')
