CRITICAL - 2024-04-14 00:22:17 --> ErrorException: Undefined variable $page_title
[Method: GET, Route: /]
in APPPATH\Views\shared\layout.php on line 10.
 1 APPPATH\Views\shared\layout.php(10): CodeIgniter\Debug\Exceptions->errorHandler(2, 'Undefined variable $page_title', 'D:\\Github\\scr-codeigniter\\app\\Views\\shared\\layout.php', 10)
 2 SYSTEMPATH\View\View.php(234): include('D:\\Github\\scr-codeigniter\\app\\Views\\shared\\layout.php')
 3 SYSTEMPATH\View\View.php(237): CodeIgniter\View\View->CodeIgniter\View\{closure}()
 4 SYSTEMPATH\View\View.php(250): CodeIgniter\View\View->render('shared/layout', [], true)
 5 SYSTEMPATH\Common.php(1171): CodeIgniter\View\View->render('home/index', [], true)
 6 APPPATH\Controllers\Home.php(9): view('home/index')
 7 SYSTEMPATH\CodeIgniter.php(933): App\Controllers\Home->index()
 8 SYSTEMPATH\CodeIgniter.php(509): CodeIgniter\CodeIgniter->runController(Object(App\Controllers\Home))
 9 SYSTEMPATH\CodeIgniter.php(355): CodeIgniter\CodeIgniter->handleRequest(null, Object(Config\Cache), false)
10 SYSTEMPATH\Boot.php(312): CodeIgniter\CodeIgniter->run()
11 SYSTEMPATH\Boot.php(67): CodeIgniter\Boot::runCodeIgniter(Object(CodeIgniter\CodeIgniter))
12 FCPATH\index.php(56): CodeIgniter\Boot::bootWeb(Object(Config\Paths))
13 SYSTEMPATH\Commands\Server\rewrite.php(49): require_once('D:\\Github\\scr-codeigniter\\public\\index.php')
CRITICAL - 2024-04-14 15:29:14 --> Error: Typed property App\Models\Event::$description must not be accessed before initialization
[Method: GET, Route: /]
in APPPATH\Models\Event.php on line 41.
 1 APPPATH\Views\home\index.php(58): App\Models\Event->getDescription()
 2 SYSTEMPATH\View\View.php(234): include('D:\\Github\\scr-codeigniter\\app\\Views\\home\\index.php')
 3 SYSTEMPATH\View\View.php(237): CodeIgniter\View\View->CodeIgniter\View\{closure}()
 4 SYSTEMPATH\Common.php(1171): CodeIgniter\View\View->render('home/index', [], true)
 5 APPPATH\Controllers\Home.php(17): view('home/index', [...])
 6 SYSTEMPATH\CodeIgniter.php(933): App\Controllers\Home->index()
 7 SYSTEMPATH\CodeIgniter.php(509): CodeIgniter\CodeIgniter->runController(Object(App\Controllers\Home))
 8 SYSTEMPATH\CodeIgniter.php(355): CodeIgniter\CodeIgniter->handleRequest(null, Object(Config\Cache), false)
 9 SYSTEMPATH\Boot.php(312): CodeIgniter\CodeIgniter->run()
10 SYSTEMPATH\Boot.php(67): CodeIgniter\Boot::runCodeIgniter(Object(CodeIgniter\CodeIgniter))
11 FCPATH\index.php(56): CodeIgniter\Boot::bootWeb(Object(Config\Paths))
12 SYSTEMPATH\Commands\Server\rewrite.php(49): require_once('D:\\Github\\scr-codeigniter\\public\\index.php')
WARNING - 2024-04-14 19:01:01 --> [DEPRECATED] strcmp(): Passing null to parameter #1 ($string1) of type string is deprecated in APPPATH\Views\home\index.php on line 28.
 1 APPPATH\Views\home\index.php(28): strcmp(null, '0')
 2 SYSTEMPATH\View\View.php(234): include('D:\\Github\\scr-codeigniter\\app\\Views\\home\\index.php')
 3 SYSTEMPATH\View\View.php(237): CodeIgniter\View\View->CodeIgniter\View\{closure}()
 4 SYSTEMPATH\Common.php(1171): CodeIgniter\View\View->render('home/index', [], true)
 5 APPPATH\Controllers\Home.php(26): view('home/index', [...])
 6 SYSTEMPATH\CodeIgniter.php(933): App\Controllers\Home->index()
 7 SYSTEMPATH\CodeIgniter.php(509): CodeIgniter\CodeIgniter->runController(Object(App\Controllers\Home))
 8 SYSTEMPATH\CodeIgniter.php(355): CodeIgniter\CodeIgniter->handleRequest(null, Object(Config\Cache), false)
 9 SYSTEMPATH\Boot.php(312): CodeIgniter\CodeIgniter->run()
10 SYSTEMPATH\Boot.php(67): CodeIgniter\Boot::runCodeIgniter(Object(CodeIgniter\CodeIgniter))
11 FCPATH\index.php(56): CodeIgniter\Boot::bootWeb(Object(Config\Paths))
12 SYSTEMPATH\Commands\Server\rewrite.php(49): require_once('D:\\Github\\scr-codeigniter\\public\\index.php')
WARNING - 2024-04-14 19:01:01 --> [DEPRECATED] strcmp(): Passing null to parameter #1 ($string1) of type string is deprecated in APPPATH\Views\home\index.php on line 29.
 1 APPPATH\Views\home\index.php(29): strcmp(null, '1')
 2 SYSTEMPATH\View\View.php(234): include('D:\\Github\\scr-codeigniter\\app\\Views\\home\\index.php')
 3 SYSTEMPATH\View\View.php(237): CodeIgniter\View\View->CodeIgniter\View\{closure}()
 4 SYSTEMPATH\Common.php(1171): CodeIgniter\View\View->render('home/index', [], true)
 5 APPPATH\Controllers\Home.php(26): view('home/index', [...])
 6 SYSTEMPATH\CodeIgniter.php(933): App\Controllers\Home->index()
 7 SYSTEMPATH\CodeIgniter.php(509): CodeIgniter\CodeIgniter->runController(Object(App\Controllers\Home))
 8 SYSTEMPATH\CodeIgniter.php(355): CodeIgniter\CodeIgniter->handleRequest(null, Object(Config\Cache), false)
 9 SYSTEMPATH\Boot.php(312): CodeIgniter\CodeIgniter->run()
10 SYSTEMPATH\Boot.php(67): CodeIgniter\Boot::runCodeIgniter(Object(CodeIgniter\CodeIgniter))
11 FCPATH\index.php(56): CodeIgniter\Boot::bootWeb(Object(Config\Paths))
12 SYSTEMPATH\Commands\Server\rewrite.php(49): require_once('D:\\Github\\scr-codeigniter\\public\\index.php')
WARNING - 2024-04-14 19:01:01 --> [DEPRECATED] strcmp(): Passing null to parameter #1 ($string1) of type string is deprecated in APPPATH\Views\home\index.php on line 30.
 1 APPPATH\Views\home\index.php(30): strcmp(null, '2')
 2 SYSTEMPATH\View\View.php(234): include('D:\\Github\\scr-codeigniter\\app\\Views\\home\\index.php')
 3 SYSTEMPATH\View\View.php(237): CodeIgniter\View\View->CodeIgniter\View\{closure}()
 4 SYSTEMPATH\Common.php(1171): CodeIgniter\View\View->render('home/index', [], true)
 5 APPPATH\Controllers\Home.php(26): view('home/index', [...])
 6 SYSTEMPATH\CodeIgniter.php(933): App\Controllers\Home->index()
 7 SYSTEMPATH\CodeIgniter.php(509): CodeIgniter\CodeIgniter->runController(Object(App\Controllers\Home))
 8 SYSTEMPATH\CodeIgniter.php(355): CodeIgniter\CodeIgniter->handleRequest(null, Object(Config\Cache), false)
 9 SYSTEMPATH\Boot.php(312): CodeIgniter\CodeIgniter->run()
10 SYSTEMPATH\Boot.php(67): CodeIgniter\Boot::runCodeIgniter(Object(CodeIgniter\CodeIgniter))
11 FCPATH\index.php(56): CodeIgniter\Boot::bootWeb(Object(Config\Paths))
12 SYSTEMPATH\Commands\Server\rewrite.php(49): require_once('D:\\Github\\scr-codeigniter\\public\\index.php')
WARNING - 2024-04-14 19:02:43 --> [DEPRECATED] strcmp(): Passing null to parameter #1 ($string1) of type string is deprecated in APPPATH\Views\home\index.php on line 28.
 1 APPPATH\Views\home\index.php(28): strcmp(null, '0')
 2 SYSTEMPATH\View\View.php(234): include('D:\\Github\\scr-codeigniter\\app\\Views\\home\\index.php')
 3 SYSTEMPATH\View\View.php(237): CodeIgniter\View\View->CodeIgniter\View\{closure}()
 4 SYSTEMPATH\Common.php(1171): CodeIgniter\View\View->render('home/index', [], true)
 5 APPPATH\Controllers\Home.php(28): view('home/index', [...])
 6 SYSTEMPATH\CodeIgniter.php(933): App\Controllers\Home->index()
 7 SYSTEMPATH\CodeIgniter.php(509): CodeIgniter\CodeIgniter->runController(Object(App\Controllers\Home))
 8 SYSTEMPATH\CodeIgniter.php(355): CodeIgniter\CodeIgniter->handleRequest(null, Object(Config\Cache), false)
 9 SYSTEMPATH\Boot.php(312): CodeIgniter\CodeIgniter->run()
10 SYSTEMPATH\Boot.php(67): CodeIgniter\Boot::runCodeIgniter(Object(CodeIgniter\CodeIgniter))
11 FCPATH\index.php(56): CodeIgniter\Boot::bootWeb(Object(Config\Paths))
12 SYSTEMPATH\Commands\Server\rewrite.php(49): require_once('D:\\Github\\scr-codeigniter\\public\\index.php')
WARNING - 2024-04-14 19:02:43 --> [DEPRECATED] strcmp(): Passing null to parameter #1 ($string1) of type string is deprecated in APPPATH\Views\home\index.php on line 29.
 1 APPPATH\Views\home\index.php(29): strcmp(null, '1')
 2 SYSTEMPATH\View\View.php(234): include('D:\\Github\\scr-codeigniter\\app\\Views\\home\\index.php')
 3 SYSTEMPATH\View\View.php(237): CodeIgniter\View\View->CodeIgniter\View\{closure}()
 4 SYSTEMPATH\Common.php(1171): CodeIgniter\View\View->render('home/index', [], true)
 5 APPPATH\Controllers\Home.php(28): view('home/index', [...])
 6 SYSTEMPATH\CodeIgniter.php(933): App\Controllers\Home->index()
 7 SYSTEMPATH\CodeIgniter.php(509): CodeIgniter\CodeIgniter->runController(Object(App\Controllers\Home))
 8 SYSTEMPATH\CodeIgniter.php(355): CodeIgniter\CodeIgniter->handleRequest(null, Object(Config\Cache), false)
 9 SYSTEMPATH\Boot.php(312): CodeIgniter\CodeIgniter->run()
10 SYSTEMPATH\Boot.php(67): CodeIgniter\Boot::runCodeIgniter(Object(CodeIgniter\CodeIgniter))
11 FCPATH\index.php(56): CodeIgniter\Boot::bootWeb(Object(Config\Paths))
12 SYSTEMPATH\Commands\Server\rewrite.php(49): require_once('D:\\Github\\scr-codeigniter\\public\\index.php')
WARNING - 2024-04-14 19:02:43 --> [DEPRECATED] strcmp(): Passing null to parameter #1 ($string1) of type string is deprecated in APPPATH\Views\home\index.php on line 30.
 1 APPPATH\Views\home\index.php(30): strcmp(null, '2')
 2 SYSTEMPATH\View\View.php(234): include('D:\\Github\\scr-codeigniter\\app\\Views\\home\\index.php')
 3 SYSTEMPATH\View\View.php(237): CodeIgniter\View\View->CodeIgniter\View\{closure}()
 4 SYSTEMPATH\Common.php(1171): CodeIgniter\View\View->render('home/index', [], true)
 5 APPPATH\Controllers\Home.php(28): view('home/index', [...])
 6 SYSTEMPATH\CodeIgniter.php(933): App\Controllers\Home->index()
 7 SYSTEMPATH\CodeIgniter.php(509): CodeIgniter\CodeIgniter->runController(Object(App\Controllers\Home))
 8 SYSTEMPATH\CodeIgniter.php(355): CodeIgniter\CodeIgniter->handleRequest(null, Object(Config\Cache), false)
 9 SYSTEMPATH\Boot.php(312): CodeIgniter\CodeIgniter->run()
10 SYSTEMPATH\Boot.php(67): CodeIgniter\Boot::runCodeIgniter(Object(CodeIgniter\CodeIgniter))
11 FCPATH\index.php(56): CodeIgniter\Boot::bootWeb(Object(Config\Paths))
12 SYSTEMPATH\Commands\Server\rewrite.php(49): require_once('D:\\Github\\scr-codeigniter\\public\\index.php')
ERROR - 2024-04-14 19:39:33 --> mysqli_sql_exception: You have an error in your SQL syntax; check the manual that corresponds to your MySQL server version for the right syntax to use near '= 'tre' AND evt_order_type = 0' at line 1 in D:\Github\scr-codeigniter\system\Database\MySQLi\Connection.php:308
Stack trace:
#0 D:\Github\scr-codeigniter\system\Database\MySQLi\Connection.php(308): mysqli->query('SELECT * FROM e...', 0)
#1 D:\Github\scr-codeigniter\system\Database\BaseConnection.php(721): CodeIgniter\Database\MySQLi\Connection->execute('SELECT * FROM e...')
#2 D:\Github\scr-codeigniter\system\Database\BaseConnection.php(635): CodeIgniter\Database\BaseConnection->simpleQuery('SELECT * FROM e...')
#3 D:\Github\scr-codeigniter\app\Models\Event.php(151): CodeIgniter\Database\BaseConnection->query('SELECT * FROM e...', Array)
#4 D:\Github\scr-codeigniter\app\Controllers\Home.php(17): App\Models\Event->find(Object(CodeIgniter\Database\MySQLi\Connection), 'tre', '', 0)
#5 D:\Github\scr-codeigniter\system\CodeIgniter.php(933): App\Controllers\Home->index()
#6 D:\Github\scr-codeigniter\system\CodeIgniter.php(509): CodeIgniter\CodeIgniter->runController(Object(App\Controllers\Home))
#7 D:\Github\scr-codeigniter\system\CodeIgniter.php(355): CodeIgniter\CodeIgniter->handleRequest(NULL, Object(Config\Cache), false)
#8 D:\Github\scr-codeigniter\system\Boot.php(312): CodeIgniter\CodeIgniter->run()
#9 D:\Github\scr-codeigniter\system\Boot.php(67): CodeIgniter\Boot::runCodeIgniter(Object(CodeIgniter\CodeIgniter))
#10 D:\Github\scr-codeigniter\public\index.php(56): CodeIgniter\Boot::bootWeb(Object(Config\Paths))
#11 D:\Github\scr-codeigniter\system\Commands\Server\rewrite.php(49): require_once('D:\\Github\\scr-c...')
#12 {main}
CRITICAL - 2024-04-14 19:39:33 --> CodeIgniter\Database\Exceptions\DatabaseException: You have an error in your SQL syntax; check the manual that corresponds to your MySQL server version for the right syntax to use near '= 'tre' AND evt_order_type = 0' at line 1
[Method: GET, Route: home/index]
in SYSTEMPATH\Database\BaseConnection.php on line 675.
 1 APPPATH\Models\Event.php(151): CodeIgniter\Database\BaseConnection->query('SELECT * FROM eventsWHERE evt_description = ? AND evt_order_type = ?;', [...])
 2 APPPATH\Controllers\Home.php(17): App\Models\Event->find(Object(CodeIgniter\Database\MySQLi\Connection), 'tre', '', 0)
 3 SYSTEMPATH\CodeIgniter.php(933): App\Controllers\Home->index()
 4 SYSTEMPATH\CodeIgniter.php(509): CodeIgniter\CodeIgniter->runController(Object(App\Controllers\Home))
 5 SYSTEMPATH\CodeIgniter.php(355): CodeIgniter\CodeIgniter->handleRequest(null, Object(Config\Cache), false)
 6 SYSTEMPATH\Boot.php(312): CodeIgniter\CodeIgniter->run()
 7 SYSTEMPATH\Boot.php(67): CodeIgniter\Boot::runCodeIgniter(Object(CodeIgniter\CodeIgniter))
 8 FCPATH\index.php(56): CodeIgniter\Boot::bootWeb(Object(Config\Paths))
 9 SYSTEMPATH\Commands\Server\rewrite.php(49): require_once('D:\\Github\\scr-codeigniter\\public\\index.php')
CRITICAL - 2024-04-14 19:39:33 --> [Caused by] CodeIgniter\Database\Exceptions\DatabaseException: You have an error in your SQL syntax; check the manual that corresponds to your MySQL server version for the right syntax to use near '= 'tre' AND evt_order_type = 0' at line 1
in SYSTEMPATH\Database\MySQLi\Connection.php on line 313.
 1 SYSTEMPATH\Database\BaseConnection.php(721): CodeIgniter\Database\MySQLi\Connection->execute('SELECT * FROM eventsWHERE evt_description = \'tre\' AND evt_order_type = 0;')
 2 SYSTEMPATH\Database\BaseConnection.php(635): CodeIgniter\Database\BaseConnection->simpleQuery('SELECT * FROM eventsWHERE evt_description = \'tre\' AND evt_order_type = 0;')
 3 APPPATH\Models\Event.php(151): CodeIgniter\Database\BaseConnection->query('SELECT * FROM eventsWHERE evt_description = ? AND evt_order_type = ?;', [...])
 4 APPPATH\Controllers\Home.php(17): App\Models\Event->find(Object(CodeIgniter\Database\MySQLi\Connection), 'tre', '', 0)
 5 SYSTEMPATH\CodeIgniter.php(933): App\Controllers\Home->index()
 6 SYSTEMPATH\CodeIgniter.php(509): CodeIgniter\CodeIgniter->runController(Object(App\Controllers\Home))
 7 SYSTEMPATH\CodeIgniter.php(355): CodeIgniter\CodeIgniter->handleRequest(null, Object(Config\Cache), false)
 8 SYSTEMPATH\Boot.php(312): CodeIgniter\CodeIgniter->run()
 9 SYSTEMPATH\Boot.php(67): CodeIgniter\Boot::runCodeIgniter(Object(CodeIgniter\CodeIgniter))
10 FCPATH\index.php(56): CodeIgniter\Boot::bootWeb(Object(Config\Paths))
11 SYSTEMPATH\Commands\Server\rewrite.php(49): require_once('D:\\Github\\scr-codeigniter\\public\\index.php')
CRITICAL - 2024-04-14 19:39:33 --> [Caused by] mysqli_sql_exception: You have an error in your SQL syntax; check the manual that corresponds to your MySQL server version for the right syntax to use near '= 'tre' AND evt_order_type = 0' at line 1
in SYSTEMPATH\Database\MySQLi\Connection.php on line 308.
 1 SYSTEMPATH\Database\MySQLi\Connection.php(308): mysqli->query('SELECT * FROM eventsWHERE evt_description = \'tre\' AND evt_order_type = 0;', 0)
 2 SYSTEMPATH\Database\BaseConnection.php(721): CodeIgniter\Database\MySQLi\Connection->execute('SELECT * FROM eventsWHERE evt_description = \'tre\' AND evt_order_type = 0;')
 3 SYSTEMPATH\Database\BaseConnection.php(635): CodeIgniter\Database\BaseConnection->simpleQuery('SELECT * FROM eventsWHERE evt_description = \'tre\' AND evt_order_type = 0;')
 4 APPPATH\Models\Event.php(151): CodeIgniter\Database\BaseConnection->query('SELECT * FROM eventsWHERE evt_description = ? AND evt_order_type = ?;', [...])
 5 APPPATH\Controllers\Home.php(17): App\Models\Event->find(Object(CodeIgniter\Database\MySQLi\Connection), 'tre', '', 0)
 6 SYSTEMPATH\CodeIgniter.php(933): App\Controllers\Home->index()
 7 SYSTEMPATH\CodeIgniter.php(509): CodeIgniter\CodeIgniter->runController(Object(App\Controllers\Home))
 8 SYSTEMPATH\CodeIgniter.php(355): CodeIgniter\CodeIgniter->handleRequest(null, Object(Config\Cache), false)
 9 SYSTEMPATH\Boot.php(312): CodeIgniter\CodeIgniter->run()
10 SYSTEMPATH\Boot.php(67): CodeIgniter\Boot::runCodeIgniter(Object(CodeIgniter\CodeIgniter))
11 FCPATH\index.php(56): CodeIgniter\Boot::bootWeb(Object(Config\Paths))
12 SYSTEMPATH\Commands\Server\rewrite.php(49): require_once('D:\\Github\\scr-codeigniter\\public\\index.php')
WARNING - 2024-04-14 19:41:05 --> [DEPRECATED] strcmp(): Passing null to parameter #1 ($string1) of type string is deprecated in APPPATH\Views\home\index.php on line 28.
 1 APPPATH\Views\home\index.php(28): strcmp(null, '0')
 2 SYSTEMPATH\View\View.php(234): include('D:\\Github\\scr-codeigniter\\app\\Views\\home\\index.php')
 3 SYSTEMPATH\View\View.php(237): CodeIgniter\View\View->CodeIgniter\View\{closure}()
 4 SYSTEMPATH\Common.php(1171): CodeIgniter\View\View->render('home/index', [], true)
 5 APPPATH\Controllers\Home.php(33): view('home/index', [...])
 6 SYSTEMPATH\CodeIgniter.php(933): App\Controllers\Home->index()
 7 SYSTEMPATH\CodeIgniter.php(509): CodeIgniter\CodeIgniter->runController(Object(App\Controllers\Home))
 8 SYSTEMPATH\CodeIgniter.php(355): CodeIgniter\CodeIgniter->handleRequest(null, Object(Config\Cache), false)
 9 SYSTEMPATH\Boot.php(312): CodeIgniter\CodeIgniter->run()
10 SYSTEMPATH\Boot.php(67): CodeIgniter\Boot::runCodeIgniter(Object(CodeIgniter\CodeIgniter))
11 FCPATH\index.php(56): CodeIgniter\Boot::bootWeb(Object(Config\Paths))
12 SYSTEMPATH\Commands\Server\rewrite.php(49): require_once('D:\\Github\\scr-codeigniter\\public\\index.php')
WARNING - 2024-04-14 19:41:05 --> [DEPRECATED] strcmp(): Passing null to parameter #1 ($string1) of type string is deprecated in APPPATH\Views\home\index.php on line 29.
 1 APPPATH\Views\home\index.php(29): strcmp(null, '1')
 2 SYSTEMPATH\View\View.php(234): include('D:\\Github\\scr-codeigniter\\app\\Views\\home\\index.php')
 3 SYSTEMPATH\View\View.php(237): CodeIgniter\View\View->CodeIgniter\View\{closure}()
 4 SYSTEMPATH\Common.php(1171): CodeIgniter\View\View->render('home/index', [], true)
 5 APPPATH\Controllers\Home.php(33): view('home/index', [...])
 6 SYSTEMPATH\CodeIgniter.php(933): App\Controllers\Home->index()
 7 SYSTEMPATH\CodeIgniter.php(509): CodeIgniter\CodeIgniter->runController(Object(App\Controllers\Home))
 8 SYSTEMPATH\CodeIgniter.php(355): CodeIgniter\CodeIgniter->handleRequest(null, Object(Config\Cache), false)
 9 SYSTEMPATH\Boot.php(312): CodeIgniter\CodeIgniter->run()
10 SYSTEMPATH\Boot.php(67): CodeIgniter\Boot::runCodeIgniter(Object(CodeIgniter\CodeIgniter))
11 FCPATH\index.php(56): CodeIgniter\Boot::bootWeb(Object(Config\Paths))
12 SYSTEMPATH\Commands\Server\rewrite.php(49): require_once('D:\\Github\\scr-codeigniter\\public\\index.php')
WARNING - 2024-04-14 19:41:05 --> [DEPRECATED] strcmp(): Passing null to parameter #1 ($string1) of type string is deprecated in APPPATH\Views\home\index.php on line 30.
 1 APPPATH\Views\home\index.php(30): strcmp(null, '2')
 2 SYSTEMPATH\View\View.php(234): include('D:\\Github\\scr-codeigniter\\app\\Views\\home\\index.php')
 3 SYSTEMPATH\View\View.php(237): CodeIgniter\View\View->CodeIgniter\View\{closure}()
 4 SYSTEMPATH\Common.php(1171): CodeIgniter\View\View->render('home/index', [], true)
 5 APPPATH\Controllers\Home.php(33): view('home/index', [...])
 6 SYSTEMPATH\CodeIgniter.php(933): App\Controllers\Home->index()
 7 SYSTEMPATH\CodeIgniter.php(509): CodeIgniter\CodeIgniter->runController(Object(App\Controllers\Home))
 8 SYSTEMPATH\CodeIgniter.php(355): CodeIgniter\CodeIgniter->handleRequest(null, Object(Config\Cache), false)
 9 SYSTEMPATH\Boot.php(312): CodeIgniter\CodeIgniter->run()
10 SYSTEMPATH\Boot.php(67): CodeIgniter\Boot::runCodeIgniter(Object(CodeIgniter\CodeIgniter))
11 FCPATH\index.php(56): CodeIgniter\Boot::bootWeb(Object(Config\Paths))
12 SYSTEMPATH\Commands\Server\rewrite.php(49): require_once('D:\\Github\\scr-codeigniter\\public\\index.php')
WARNING - 2024-04-14 19:41:11 --> [DEPRECATED] strcmp(): Passing null to parameter #1 ($string1) of type string is deprecated in APPPATH\Views\home\index.php on line 28.
 1 APPPATH\Views\home\index.php(28): strcmp(null, '0')
 2 SYSTEMPATH\View\View.php(234): include('D:\\Github\\scr-codeigniter\\app\\Views\\home\\index.php')
 3 SYSTEMPATH\View\View.php(237): CodeIgniter\View\View->CodeIgniter\View\{closure}()
 4 SYSTEMPATH\Common.php(1171): CodeIgniter\View\View->render('home/index', [], true)
 5 APPPATH\Controllers\Home.php(33): view('home/index', [...])
 6 SYSTEMPATH\CodeIgniter.php(933): App\Controllers\Home->index()
 7 SYSTEMPATH\CodeIgniter.php(509): CodeIgniter\CodeIgniter->runController(Object(App\Controllers\Home))
 8 SYSTEMPATH\CodeIgniter.php(355): CodeIgniter\CodeIgniter->handleRequest(null, Object(Config\Cache), false)
 9 SYSTEMPATH\Boot.php(312): CodeIgniter\CodeIgniter->run()
10 SYSTEMPATH\Boot.php(67): CodeIgniter\Boot::runCodeIgniter(Object(CodeIgniter\CodeIgniter))
11 FCPATH\index.php(56): CodeIgniter\Boot::bootWeb(Object(Config\Paths))
12 SYSTEMPATH\Commands\Server\rewrite.php(49): require_once('D:\\Github\\scr-codeigniter\\public\\index.php')
WARNING - 2024-04-14 19:41:11 --> [DEPRECATED] strcmp(): Passing null to parameter #1 ($string1) of type string is deprecated in APPPATH\Views\home\index.php on line 29.
 1 APPPATH\Views\home\index.php(29): strcmp(null, '1')
 2 SYSTEMPATH\View\View.php(234): include('D:\\Github\\scr-codeigniter\\app\\Views\\home\\index.php')
 3 SYSTEMPATH\View\View.php(237): CodeIgniter\View\View->CodeIgniter\View\{closure}()
 4 SYSTEMPATH\Common.php(1171): CodeIgniter\View\View->render('home/index', [], true)
 5 APPPATH\Controllers\Home.php(33): view('home/index', [...])
 6 SYSTEMPATH\CodeIgniter.php(933): App\Controllers\Home->index()
 7 SYSTEMPATH\CodeIgniter.php(509): CodeIgniter\CodeIgniter->runController(Object(App\Controllers\Home))
 8 SYSTEMPATH\CodeIgniter.php(355): CodeIgniter\CodeIgniter->handleRequest(null, Object(Config\Cache), false)
 9 SYSTEMPATH\Boot.php(312): CodeIgniter\CodeIgniter->run()
10 SYSTEMPATH\Boot.php(67): CodeIgniter\Boot::runCodeIgniter(Object(CodeIgniter\CodeIgniter))
11 FCPATH\index.php(56): CodeIgniter\Boot::bootWeb(Object(Config\Paths))
12 SYSTEMPATH\Commands\Server\rewrite.php(49): require_once('D:\\Github\\scr-codeigniter\\public\\index.php')
WARNING - 2024-04-14 19:41:11 --> [DEPRECATED] strcmp(): Passing null to parameter #1 ($string1) of type string is deprecated in APPPATH\Views\home\index.php on line 30.
 1 APPPATH\Views\home\index.php(30): strcmp(null, '2')
 2 SYSTEMPATH\View\View.php(234): include('D:\\Github\\scr-codeigniter\\app\\Views\\home\\index.php')
 3 SYSTEMPATH\View\View.php(237): CodeIgniter\View\View->CodeIgniter\View\{closure}()
 4 SYSTEMPATH\Common.php(1171): CodeIgniter\View\View->render('home/index', [], true)
 5 APPPATH\Controllers\Home.php(33): view('home/index', [...])
 6 SYSTEMPATH\CodeIgniter.php(933): App\Controllers\Home->index()
 7 SYSTEMPATH\CodeIgniter.php(509): CodeIgniter\CodeIgniter->runController(Object(App\Controllers\Home))
 8 SYSTEMPATH\CodeIgniter.php(355): CodeIgniter\CodeIgniter->handleRequest(null, Object(Config\Cache), false)
 9 SYSTEMPATH\Boot.php(312): CodeIgniter\CodeIgniter->run()
10 SYSTEMPATH\Boot.php(67): CodeIgniter\Boot::runCodeIgniter(Object(CodeIgniter\CodeIgniter))
11 FCPATH\index.php(56): CodeIgniter\Boot::bootWeb(Object(Config\Paths))
12 SYSTEMPATH\Commands\Server\rewrite.php(49): require_once('D:\\Github\\scr-codeigniter\\public\\index.php')
WARNING - 2024-04-14 19:41:15 --> [DEPRECATED] strcmp(): Passing null to parameter #1 ($string1) of type string is deprecated in APPPATH\Views\home\index.php on line 28.
 1 APPPATH\Views\home\index.php(28): strcmp(null, '0')
 2 SYSTEMPATH\View\View.php(234): include('D:\\Github\\scr-codeigniter\\app\\Views\\home\\index.php')
 3 SYSTEMPATH\View\View.php(237): CodeIgniter\View\View->CodeIgniter\View\{closure}()
 4 SYSTEMPATH\Common.php(1171): CodeIgniter\View\View->render('home/index', [], true)
 5 APPPATH\Controllers\Home.php(33): view('home/index', [...])
 6 SYSTEMPATH\CodeIgniter.php(933): App\Controllers\Home->index()
 7 SYSTEMPATH\CodeIgniter.php(509): CodeIgniter\CodeIgniter->runController(Object(App\Controllers\Home))
 8 SYSTEMPATH\CodeIgniter.php(355): CodeIgniter\CodeIgniter->handleRequest(null, Object(Config\Cache), false)
 9 SYSTEMPATH\Boot.php(312): CodeIgniter\CodeIgniter->run()
10 SYSTEMPATH\Boot.php(67): CodeIgniter\Boot::runCodeIgniter(Object(CodeIgniter\CodeIgniter))
11 FCPATH\index.php(56): CodeIgniter\Boot::bootWeb(Object(Config\Paths))
12 SYSTEMPATH\Commands\Server\rewrite.php(49): require_once('D:\\Github\\scr-codeigniter\\public\\index.php')
WARNING - 2024-04-14 19:41:15 --> [DEPRECATED] strcmp(): Passing null to parameter #1 ($string1) of type string is deprecated in APPPATH\Views\home\index.php on line 29.
 1 APPPATH\Views\home\index.php(29): strcmp(null, '1')
 2 SYSTEMPATH\View\View.php(234): include('D:\\Github\\scr-codeigniter\\app\\Views\\home\\index.php')
 3 SYSTEMPATH\View\View.php(237): CodeIgniter\View\View->CodeIgniter\View\{closure}()
 4 SYSTEMPATH\Common.php(1171): CodeIgniter\View\View->render('home/index', [], true)
 5 APPPATH\Controllers\Home.php(33): view('home/index', [...])
 6 SYSTEMPATH\CodeIgniter.php(933): App\Controllers\Home->index()
 7 SYSTEMPATH\CodeIgniter.php(509): CodeIgniter\CodeIgniter->runController(Object(App\Controllers\Home))
 8 SYSTEMPATH\CodeIgniter.php(355): CodeIgniter\CodeIgniter->handleRequest(null, Object(Config\Cache), false)
 9 SYSTEMPATH\Boot.php(312): CodeIgniter\CodeIgniter->run()
10 SYSTEMPATH\Boot.php(67): CodeIgniter\Boot::runCodeIgniter(Object(CodeIgniter\CodeIgniter))
11 FCPATH\index.php(56): CodeIgniter\Boot::bootWeb(Object(Config\Paths))
12 SYSTEMPATH\Commands\Server\rewrite.php(49): require_once('D:\\Github\\scr-codeigniter\\public\\index.php')
WARNING - 2024-04-14 19:41:15 --> [DEPRECATED] strcmp(): Passing null to parameter #1 ($string1) of type string is deprecated in APPPATH\Views\home\index.php on line 30.
 1 APPPATH\Views\home\index.php(30): strcmp(null, '2')
 2 SYSTEMPATH\View\View.php(234): include('D:\\Github\\scr-codeigniter\\app\\Views\\home\\index.php')
 3 SYSTEMPATH\View\View.php(237): CodeIgniter\View\View->CodeIgniter\View\{closure}()
 4 SYSTEMPATH\Common.php(1171): CodeIgniter\View\View->render('home/index', [], true)
 5 APPPATH\Controllers\Home.php(33): view('home/index', [...])
 6 SYSTEMPATH\CodeIgniter.php(933): App\Controllers\Home->index()
 7 SYSTEMPATH\CodeIgniter.php(509): CodeIgniter\CodeIgniter->runController(Object(App\Controllers\Home))
 8 SYSTEMPATH\CodeIgniter.php(355): CodeIgniter\CodeIgniter->handleRequest(null, Object(Config\Cache), false)
 9 SYSTEMPATH\Boot.php(312): CodeIgniter\CodeIgniter->run()
10 SYSTEMPATH\Boot.php(67): CodeIgniter\Boot::runCodeIgniter(Object(CodeIgniter\CodeIgniter))
11 FCPATH\index.php(56): CodeIgniter\Boot::bootWeb(Object(Config\Paths))
12 SYSTEMPATH\Commands\Server\rewrite.php(49): require_once('D:\\Github\\scr-codeigniter\\public\\index.php')
ERROR - 2024-04-14 19:42:06 --> mysqli_sql_exception: You have an error in your SQL syntax; check the manual that corresponds to your MySQL server version for the right syntax to use near 'LIKE %'00'% AND evt_order_type = 0' at line 1 in D:\Github\scr-codeigniter\system\Database\MySQLi\Connection.php:308
Stack trace:
#0 D:\Github\scr-codeigniter\system\Database\MySQLi\Connection.php(308): mysqli->query('SELECT * FROM e...', 0)
#1 D:\Github\scr-codeigniter\system\Database\BaseConnection.php(721): CodeIgniter\Database\MySQLi\Connection->execute('SELECT * FROM e...')
#2 D:\Github\scr-codeigniter\system\Database\BaseConnection.php(635): CodeIgniter\Database\BaseConnection->simpleQuery('SELECT * FROM e...')
#3 D:\Github\scr-codeigniter\app\Models\Event.php(151): CodeIgniter\Database\BaseConnection->query('SELECT * FROM e...', Array)
#4 D:\Github\scr-codeigniter\app\Controllers\Home.php(17): App\Models\Event->find(Object(CodeIgniter\Database\MySQLi\Connection), '00', '', 0)
#5 D:\Github\scr-codeigniter\system\CodeIgniter.php(933): App\Controllers\Home->index()
#6 D:\Github\scr-codeigniter\system\CodeIgniter.php(509): CodeIgniter\CodeIgniter->runController(Object(App\Controllers\Home))
#7 D:\Github\scr-codeigniter\system\CodeIgniter.php(355): CodeIgniter\CodeIgniter->handleRequest(NULL, Object(Config\Cache), false)
#8 D:\Github\scr-codeigniter\system\Boot.php(312): CodeIgniter\CodeIgniter->run()
#9 D:\Github\scr-codeigniter\system\Boot.php(67): CodeIgniter\Boot::runCodeIgniter(Object(CodeIgniter\CodeIgniter))
#10 D:\Github\scr-codeigniter\public\index.php(56): CodeIgniter\Boot::bootWeb(Object(Config\Paths))
#11 D:\Github\scr-codeigniter\system\Commands\Server\rewrite.php(49): require_once('D:\\Github\\scr-c...')
#12 {main}
CRITICAL - 2024-04-14 19:42:06 --> CodeIgniter\Database\Exceptions\DatabaseException: You have an error in your SQL syntax; check the manual that corresponds to your MySQL server version for the right syntax to use near 'LIKE %'00'% AND evt_order_type = 0' at line 1
[Method: GET, Route: home/index]
in SYSTEMPATH\Database\BaseConnection.php on line 675.
 1 APPPATH\Models\Event.php(151): CodeIgniter\Database\BaseConnection->query('SELECT * FROM eventsWHERE evt_description LIKE %?% AND evt_order_type = ?;', [...])
 2 APPPATH\Controllers\Home.php(17): App\Models\Event->find(Object(CodeIgniter\Database\MySQLi\Connection), '00', '', 0)
 3 SYSTEMPATH\CodeIgniter.php(933): App\Controllers\Home->index()
 4 SYSTEMPATH\CodeIgniter.php(509): CodeIgniter\CodeIgniter->runController(Object(App\Controllers\Home))
 5 SYSTEMPATH\CodeIgniter.php(355): CodeIgniter\CodeIgniter->handleRequest(null, Object(Config\Cache), false)
 6 SYSTEMPATH\Boot.php(312): CodeIgniter\CodeIgniter->run()
 7 SYSTEMPATH\Boot.php(67): CodeIgniter\Boot::runCodeIgniter(Object(CodeIgniter\CodeIgniter))
 8 FCPATH\index.php(56): CodeIgniter\Boot::bootWeb(Object(Config\Paths))
 9 SYSTEMPATH\Commands\Server\rewrite.php(49): require_once('D:\\Github\\scr-codeigniter\\public\\index.php')
CRITICAL - 2024-04-14 19:42:06 --> [Caused by] CodeIgniter\Database\Exceptions\DatabaseException: You have an error in your SQL syntax; check the manual that corresponds to your MySQL server version for the right syntax to use near 'LIKE %'00'% AND evt_order_type = 0' at line 1
in SYSTEMPATH\Database\MySQLi\Connection.php on line 313.
 1 SYSTEMPATH\Database\BaseConnection.php(721): CodeIgniter\Database\MySQLi\Connection->execute('SELECT * FROM eventsWHERE evt_description LIKE %\'00\'% AND evt_order_type = 0;')
 2 SYSTEMPATH\Database\BaseConnection.php(635): CodeIgniter\Database\BaseConnection->simpleQuery('SELECT * FROM eventsWHERE evt_description LIKE %\'00\'% AND evt_order_type = 0;')
 3 APPPATH\Models\Event.php(151): CodeIgniter\Database\BaseConnection->query('SELECT * FROM eventsWHERE evt_description LIKE %?% AND evt_order_type = ?;', [...])
 4 APPPATH\Controllers\Home.php(17): App\Models\Event->find(Object(CodeIgniter\Database\MySQLi\Connection), '00', '', 0)
 5 SYSTEMPATH\CodeIgniter.php(933): App\Controllers\Home->index()
 6 SYSTEMPATH\CodeIgniter.php(509): CodeIgniter\CodeIgniter->runController(Object(App\Controllers\Home))
 7 SYSTEMPATH\CodeIgniter.php(355): CodeIgniter\CodeIgniter->handleRequest(null, Object(Config\Cache), false)
 8 SYSTEMPATH\Boot.php(312): CodeIgniter\CodeIgniter->run()
 9 SYSTEMPATH\Boot.php(67): CodeIgniter\Boot::runCodeIgniter(Object(CodeIgniter\CodeIgniter))
10 FCPATH\index.php(56): CodeIgniter\Boot::bootWeb(Object(Config\Paths))
11 SYSTEMPATH\Commands\Server\rewrite.php(49): require_once('D:\\Github\\scr-codeigniter\\public\\index.php')
CRITICAL - 2024-04-14 19:42:06 --> [Caused by] mysqli_sql_exception: You have an error in your SQL syntax; check the manual that corresponds to your MySQL server version for the right syntax to use near 'LIKE %'00'% AND evt_order_type = 0' at line 1
in SYSTEMPATH\Database\MySQLi\Connection.php on line 308.
 1 SYSTEMPATH\Database\MySQLi\Connection.php(308): mysqli->query('SELECT * FROM eventsWHERE evt_description LIKE %\'00\'% AND evt_order_type = 0;', 0)
 2 SYSTEMPATH\Database\BaseConnection.php(721): CodeIgniter\Database\MySQLi\Connection->execute('SELECT * FROM eventsWHERE evt_description LIKE %\'00\'% AND evt_order_type = 0;')
 3 SYSTEMPATH\Database\BaseConnection.php(635): CodeIgniter\Database\BaseConnection->simpleQuery('SELECT * FROM eventsWHERE evt_description LIKE %\'00\'% AND evt_order_type = 0;')
 4 APPPATH\Models\Event.php(151): CodeIgniter\Database\BaseConnection->query('SELECT * FROM eventsWHERE evt_description LIKE %?% AND evt_order_type = ?;', [...])
 5 APPPATH\Controllers\Home.php(17): App\Models\Event->find(Object(CodeIgniter\Database\MySQLi\Connection), '00', '', 0)
 6 SYSTEMPATH\CodeIgniter.php(933): App\Controllers\Home->index()
 7 SYSTEMPATH\CodeIgniter.php(509): CodeIgniter\CodeIgniter->runController(Object(App\Controllers\Home))
 8 SYSTEMPATH\CodeIgniter.php(355): CodeIgniter\CodeIgniter->handleRequest(null, Object(Config\Cache), false)
 9 SYSTEMPATH\Boot.php(312): CodeIgniter\CodeIgniter->run()
10 SYSTEMPATH\Boot.php(67): CodeIgniter\Boot::runCodeIgniter(Object(CodeIgniter\CodeIgniter))
11 FCPATH\index.php(56): CodeIgniter\Boot::bootWeb(Object(Config\Paths))
12 SYSTEMPATH\Commands\Server\rewrite.php(49): require_once('D:\\Github\\scr-codeigniter\\public\\index.php')
ERROR - 2024-04-14 19:45:20 --> mysqli_sql_exception: You have an error in your SQL syntax; check the manual that corresponds to your MySQL server version for the right syntax to use near 'LIKE '%00%' AND evt_order_type = 0' at line 1 in D:\Github\scr-codeigniter\system\Database\MySQLi\Connection.php:308
Stack trace:
#0 D:\Github\scr-codeigniter\system\Database\MySQLi\Connection.php(308): mysqli->query('SELECT * FROM e...', 0)
#1 D:\Github\scr-codeigniter\system\Database\BaseConnection.php(721): CodeIgniter\Database\MySQLi\Connection->execute('SELECT * FROM e...')
#2 D:\Github\scr-codeigniter\system\Database\BaseConnection.php(635): CodeIgniter\Database\BaseConnection->simpleQuery('SELECT * FROM e...')
#3 D:\Github\scr-codeigniter\app\Models\Event.php(151): CodeIgniter\Database\BaseConnection->query('SELECT * FROM e...', Array)
#4 D:\Github\scr-codeigniter\app\Controllers\Home.php(17): App\Models\Event->find(Object(CodeIgniter\Database\MySQLi\Connection), '00', '', 0)
#5 D:\Github\scr-codeigniter\system\CodeIgniter.php(933): App\Controllers\Home->index()
#6 D:\Github\scr-codeigniter\system\CodeIgniter.php(509): CodeIgniter\CodeIgniter->runController(Object(App\Controllers\Home))
#7 D:\Github\scr-codeigniter\system\CodeIgniter.php(355): CodeIgniter\CodeIgniter->handleRequest(NULL, Object(Config\Cache), false)
#8 D:\Github\scr-codeigniter\system\Boot.php(312): CodeIgniter\CodeIgniter->run()
#9 D:\Github\scr-codeigniter\system\Boot.php(67): CodeIgniter\Boot::runCodeIgniter(Object(CodeIgniter\CodeIgniter))
#10 D:\Github\scr-codeigniter\public\index.php(56): CodeIgniter\Boot::bootWeb(Object(Config\Paths))
#11 D:\Github\scr-codeigniter\system\Commands\Server\rewrite.php(49): require_once('D:\\Github\\scr-c...')
#12 {main}
CRITICAL - 2024-04-14 19:45:20 --> CodeIgniter\Database\Exceptions\DatabaseException: You have an error in your SQL syntax; check the manual that corresponds to your MySQL server version for the right syntax to use near 'LIKE '%00%' AND evt_order_type = 0' at line 1
[Method: GET, Route: home/index]
in SYSTEMPATH\Database\BaseConnection.php on line 675.
 1 APPPATH\Models\Event.php(151): CodeIgniter\Database\BaseConnection->query('SELECT * FROM eventsWHERE evt_description LIKE ? AND evt_order_type = ?;', [...])
 2 APPPATH\Controllers\Home.php(17): App\Models\Event->find(Object(CodeIgniter\Database\MySQLi\Connection), '00', '', 0)
 3 SYSTEMPATH\CodeIgniter.php(933): App\Controllers\Home->index()
 4 SYSTEMPATH\CodeIgniter.php(509): CodeIgniter\CodeIgniter->runController(Object(App\Controllers\Home))
 5 SYSTEMPATH\CodeIgniter.php(355): CodeIgniter\CodeIgniter->handleRequest(null, Object(Config\Cache), false)
 6 SYSTEMPATH\Boot.php(312): CodeIgniter\CodeIgniter->run()
 7 SYSTEMPATH\Boot.php(67): CodeIgniter\Boot::runCodeIgniter(Object(CodeIgniter\CodeIgniter))
 8 FCPATH\index.php(56): CodeIgniter\Boot::bootWeb(Object(Config\Paths))
 9 SYSTEMPATH\Commands\Server\rewrite.php(49): require_once('D:\\Github\\scr-codeigniter\\public\\index.php')
CRITICAL - 2024-04-14 19:45:20 --> [Caused by] CodeIgniter\Database\Exceptions\DatabaseException: You have an error in your SQL syntax; check the manual that corresponds to your MySQL server version for the right syntax to use near 'LIKE '%00%' AND evt_order_type = 0' at line 1
in SYSTEMPATH\Database\MySQLi\Connection.php on line 313.
 1 SYSTEMPATH\Database\BaseConnection.php(721): CodeIgniter\Database\MySQLi\Connection->execute('SELECT * FROM eventsWHERE evt_description LIKE \'%00%\' AND evt_order_type = 0;')
 2 SYSTEMPATH\Database\BaseConnection.php(635): CodeIgniter\Database\BaseConnection->simpleQuery('SELECT * FROM eventsWHERE evt_description LIKE \'%00%\' AND evt_order_type = 0;')
 3 APPPATH\Models\Event.php(151): CodeIgniter\Database\BaseConnection->query('SELECT * FROM eventsWHERE evt_description LIKE ? AND evt_order_type = ?;', [...])
 4 APPPATH\Controllers\Home.php(17): App\Models\Event->find(Object(CodeIgniter\Database\MySQLi\Connection), '00', '', 0)
 5 SYSTEMPATH\CodeIgniter.php(933): App\Controllers\Home->index()
 6 SYSTEMPATH\CodeIgniter.php(509): CodeIgniter\CodeIgniter->runController(Object(App\Controllers\Home))
 7 SYSTEMPATH\CodeIgniter.php(355): CodeIgniter\CodeIgniter->handleRequest(null, Object(Config\Cache), false)
 8 SYSTEMPATH\Boot.php(312): CodeIgniter\CodeIgniter->run()
 9 SYSTEMPATH\Boot.php(67): CodeIgniter\Boot::runCodeIgniter(Object(CodeIgniter\CodeIgniter))
10 FCPATH\index.php(56): CodeIgniter\Boot::bootWeb(Object(Config\Paths))
11 SYSTEMPATH\Commands\Server\rewrite.php(49): require_once('D:\\Github\\scr-codeigniter\\public\\index.php')
CRITICAL - 2024-04-14 19:45:20 --> [Caused by] mysqli_sql_exception: You have an error in your SQL syntax; check the manual that corresponds to your MySQL server version for the right syntax to use near 'LIKE '%00%' AND evt_order_type = 0' at line 1
in SYSTEMPATH\Database\MySQLi\Connection.php on line 308.
 1 SYSTEMPATH\Database\MySQLi\Connection.php(308): mysqli->query('SELECT * FROM eventsWHERE evt_description LIKE \'%00%\' AND evt_order_type = 0;', 0)
 2 SYSTEMPATH\Database\BaseConnection.php(721): CodeIgniter\Database\MySQLi\Connection->execute('SELECT * FROM eventsWHERE evt_description LIKE \'%00%\' AND evt_order_type = 0;')
 3 SYSTEMPATH\Database\BaseConnection.php(635): CodeIgniter\Database\BaseConnection->simpleQuery('SELECT * FROM eventsWHERE evt_description LIKE \'%00%\' AND evt_order_type = 0;')
 4 APPPATH\Models\Event.php(151): CodeIgniter\Database\BaseConnection->query('SELECT * FROM eventsWHERE evt_description LIKE ? AND evt_order_type = ?;', [...])
 5 APPPATH\Controllers\Home.php(17): App\Models\Event->find(Object(CodeIgniter\Database\MySQLi\Connection), '00', '', 0)
 6 SYSTEMPATH\CodeIgniter.php(933): App\Controllers\Home->index()
 7 SYSTEMPATH\CodeIgniter.php(509): CodeIgniter\CodeIgniter->runController(Object(App\Controllers\Home))
 8 SYSTEMPATH\CodeIgniter.php(355): CodeIgniter\CodeIgniter->handleRequest(null, Object(Config\Cache), false)
 9 SYSTEMPATH\Boot.php(312): CodeIgniter\CodeIgniter->run()
10 SYSTEMPATH\Boot.php(67): CodeIgniter\Boot::runCodeIgniter(Object(CodeIgniter\CodeIgniter))
11 FCPATH\index.php(56): CodeIgniter\Boot::bootWeb(Object(Config\Paths))
12 SYSTEMPATH\Commands\Server\rewrite.php(49): require_once('D:\\Github\\scr-codeigniter\\public\\index.php')
WARNING - 2024-04-14 19:45:22 --> [DEPRECATED] strcmp(): Passing null to parameter #1 ($string1) of type string is deprecated in APPPATH\Views\home\index.php on line 28.
 1 APPPATH\Views\home\index.php(28): strcmp(null, '0')
 2 SYSTEMPATH\View\View.php(234): include('D:\\Github\\scr-codeigniter\\app\\Views\\home\\index.php')
 3 SYSTEMPATH\View\View.php(237): CodeIgniter\View\View->CodeIgniter\View\{closure}()
 4 SYSTEMPATH\Common.php(1171): CodeIgniter\View\View->render('home/index', [], true)
 5 APPPATH\Controllers\Home.php(33): view('home/index', [...])
 6 SYSTEMPATH\CodeIgniter.php(933): App\Controllers\Home->index()
 7 SYSTEMPATH\CodeIgniter.php(509): CodeIgniter\CodeIgniter->runController(Object(App\Controllers\Home))
 8 SYSTEMPATH\CodeIgniter.php(355): CodeIgniter\CodeIgniter->handleRequest(null, Object(Config\Cache), false)
 9 SYSTEMPATH\Boot.php(312): CodeIgniter\CodeIgniter->run()
10 SYSTEMPATH\Boot.php(67): CodeIgniter\Boot::runCodeIgniter(Object(CodeIgniter\CodeIgniter))
11 FCPATH\index.php(56): CodeIgniter\Boot::bootWeb(Object(Config\Paths))
12 SYSTEMPATH\Commands\Server\rewrite.php(49): require_once('D:\\Github\\scr-codeigniter\\public\\index.php')
WARNING - 2024-04-14 19:45:22 --> [DEPRECATED] strcmp(): Passing null to parameter #1 ($string1) of type string is deprecated in APPPATH\Views\home\index.php on line 29.
 1 APPPATH\Views\home\index.php(29): strcmp(null, '1')
 2 SYSTEMPATH\View\View.php(234): include('D:\\Github\\scr-codeigniter\\app\\Views\\home\\index.php')
 3 SYSTEMPATH\View\View.php(237): CodeIgniter\View\View->CodeIgniter\View\{closure}()
 4 SYSTEMPATH\Common.php(1171): CodeIgniter\View\View->render('home/index', [], true)
 5 APPPATH\Controllers\Home.php(33): view('home/index', [...])
 6 SYSTEMPATH\CodeIgniter.php(933): App\Controllers\Home->index()
 7 SYSTEMPATH\CodeIgniter.php(509): CodeIgniter\CodeIgniter->runController(Object(App\Controllers\Home))
 8 SYSTEMPATH\CodeIgniter.php(355): CodeIgniter\CodeIgniter->handleRequest(null, Object(Config\Cache), false)
 9 SYSTEMPATH\Boot.php(312): CodeIgniter\CodeIgniter->run()
10 SYSTEMPATH\Boot.php(67): CodeIgniter\Boot::runCodeIgniter(Object(CodeIgniter\CodeIgniter))
11 FCPATH\index.php(56): CodeIgniter\Boot::bootWeb(Object(Config\Paths))
12 SYSTEMPATH\Commands\Server\rewrite.php(49): require_once('D:\\Github\\scr-codeigniter\\public\\index.php')
WARNING - 2024-04-14 19:45:22 --> [DEPRECATED] strcmp(): Passing null to parameter #1 ($string1) of type string is deprecated in APPPATH\Views\home\index.php on line 30.
 1 APPPATH\Views\home\index.php(30): strcmp(null, '2')
 2 SYSTEMPATH\View\View.php(234): include('D:\\Github\\scr-codeigniter\\app\\Views\\home\\index.php')
 3 SYSTEMPATH\View\View.php(237): CodeIgniter\View\View->CodeIgniter\View\{closure}()
 4 SYSTEMPATH\Common.php(1171): CodeIgniter\View\View->render('home/index', [], true)
 5 APPPATH\Controllers\Home.php(33): view('home/index', [...])
 6 SYSTEMPATH\CodeIgniter.php(933): App\Controllers\Home->index()
 7 SYSTEMPATH\CodeIgniter.php(509): CodeIgniter\CodeIgniter->runController(Object(App\Controllers\Home))
 8 SYSTEMPATH\CodeIgniter.php(355): CodeIgniter\CodeIgniter->handleRequest(null, Object(Config\Cache), false)
 9 SYSTEMPATH\Boot.php(312): CodeIgniter\CodeIgniter->run()
10 SYSTEMPATH\Boot.php(67): CodeIgniter\Boot::runCodeIgniter(Object(CodeIgniter\CodeIgniter))
11 FCPATH\index.php(56): CodeIgniter\Boot::bootWeb(Object(Config\Paths))
12 SYSTEMPATH\Commands\Server\rewrite.php(49): require_once('D:\\Github\\scr-codeigniter\\public\\index.php')
ERROR - 2024-04-14 19:45:27 --> mysqli_sql_exception: You have an error in your SQL syntax; check the manual that corresponds to your MySQL server version for the right syntax to use near 'LIKE '%1%' AND evt_order_type = 0' at line 1 in D:\Github\scr-codeigniter\system\Database\MySQLi\Connection.php:308
Stack trace:
#0 D:\Github\scr-codeigniter\system\Database\MySQLi\Connection.php(308): mysqli->query('SELECT * FROM e...', 0)
#1 D:\Github\scr-codeigniter\system\Database\BaseConnection.php(721): CodeIgniter\Database\MySQLi\Connection->execute('SELECT * FROM e...')
#2 D:\Github\scr-codeigniter\system\Database\BaseConnection.php(635): CodeIgniter\Database\BaseConnection->simpleQuery('SELECT * FROM e...')
#3 D:\Github\scr-codeigniter\app\Models\Event.php(151): CodeIgniter\Database\BaseConnection->query('SELECT * FROM e...', Array)
#4 D:\Github\scr-codeigniter\app\Controllers\Home.php(17): App\Models\Event->find(Object(CodeIgniter\Database\MySQLi\Connection), '1', '', 0)
#5 D:\Github\scr-codeigniter\system\CodeIgniter.php(933): App\Controllers\Home->index()
#6 D:\Github\scr-codeigniter\system\CodeIgniter.php(509): CodeIgniter\CodeIgniter->runController(Object(App\Controllers\Home))
#7 D:\Github\scr-codeigniter\system\CodeIgniter.php(355): CodeIgniter\CodeIgniter->handleRequest(NULL, Object(Config\Cache), false)
#8 D:\Github\scr-codeigniter\system\Boot.php(312): CodeIgniter\CodeIgniter->run()
#9 D:\Github\scr-codeigniter\system\Boot.php(67): CodeIgniter\Boot::runCodeIgniter(Object(CodeIgniter\CodeIgniter))
#10 D:\Github\scr-codeigniter\public\index.php(56): CodeIgniter\Boot::bootWeb(Object(Config\Paths))
#11 D:\Github\scr-codeigniter\system\Commands\Server\rewrite.php(49): require_once('D:\\Github\\scr-c...')
#12 {main}
CRITICAL - 2024-04-14 19:45:27 --> CodeIgniter\Database\Exceptions\DatabaseException: You have an error in your SQL syntax; check the manual that corresponds to your MySQL server version for the right syntax to use near 'LIKE '%1%' AND evt_order_type = 0' at line 1
[Method: GET, Route: home/index]
in SYSTEMPATH\Database\BaseConnection.php on line 675.
 1 APPPATH\Models\Event.php(151): CodeIgniter\Database\BaseConnection->query('SELECT * FROM eventsWHERE evt_description LIKE ? AND evt_order_type = ?;', [...])
 2 APPPATH\Controllers\Home.php(17): App\Models\Event->find(Object(CodeIgniter\Database\MySQLi\Connection), '1', '', 0)
 3 SYSTEMPATH\CodeIgniter.php(933): App\Controllers\Home->index()
 4 SYSTEMPATH\CodeIgniter.php(509): CodeIgniter\CodeIgniter->runController(Object(App\Controllers\Home))
 5 SYSTEMPATH\CodeIgniter.php(355): CodeIgniter\CodeIgniter->handleRequest(null, Object(Config\Cache), false)
 6 SYSTEMPATH\Boot.php(312): CodeIgniter\CodeIgniter->run()
 7 SYSTEMPATH\Boot.php(67): CodeIgniter\Boot::runCodeIgniter(Object(CodeIgniter\CodeIgniter))
 8 FCPATH\index.php(56): CodeIgniter\Boot::bootWeb(Object(Config\Paths))
 9 SYSTEMPATH\Commands\Server\rewrite.php(49): require_once('D:\\Github\\scr-codeigniter\\public\\index.php')
CRITICAL - 2024-04-14 19:45:27 --> [Caused by] CodeIgniter\Database\Exceptions\DatabaseException: You have an error in your SQL syntax; check the manual that corresponds to your MySQL server version for the right syntax to use near 'LIKE '%1%' AND evt_order_type = 0' at line 1
in SYSTEMPATH\Database\MySQLi\Connection.php on line 313.
 1 SYSTEMPATH\Database\BaseConnection.php(721): CodeIgniter\Database\MySQLi\Connection->execute('SELECT * FROM eventsWHERE evt_description LIKE \'%1%\' AND evt_order_type = 0;')
 2 SYSTEMPATH\Database\BaseConnection.php(635): CodeIgniter\Database\BaseConnection->simpleQuery('SELECT * FROM eventsWHERE evt_description LIKE \'%1%\' AND evt_order_type = 0;')
 3 APPPATH\Models\Event.php(151): CodeIgniter\Database\BaseConnection->query('SELECT * FROM eventsWHERE evt_description LIKE ? AND evt_order_type = ?;', [...])
 4 APPPATH\Controllers\Home.php(17): App\Models\Event->find(Object(CodeIgniter\Database\MySQLi\Connection), '1', '', 0)
 5 SYSTEMPATH\CodeIgniter.php(933): App\Controllers\Home->index()
 6 SYSTEMPATH\CodeIgniter.php(509): CodeIgniter\CodeIgniter->runController(Object(App\Controllers\Home))
 7 SYSTEMPATH\CodeIgniter.php(355): CodeIgniter\CodeIgniter->handleRequest(null, Object(Config\Cache), false)
 8 SYSTEMPATH\Boot.php(312): CodeIgniter\CodeIgniter->run()
 9 SYSTEMPATH\Boot.php(67): CodeIgniter\Boot::runCodeIgniter(Object(CodeIgniter\CodeIgniter))
10 FCPATH\index.php(56): CodeIgniter\Boot::bootWeb(Object(Config\Paths))
11 SYSTEMPATH\Commands\Server\rewrite.php(49): require_once('D:\\Github\\scr-codeigniter\\public\\index.php')
CRITICAL - 2024-04-14 19:45:27 --> [Caused by] mysqli_sql_exception: You have an error in your SQL syntax; check the manual that corresponds to your MySQL server version for the right syntax to use near 'LIKE '%1%' AND evt_order_type = 0' at line 1
in SYSTEMPATH\Database\MySQLi\Connection.php on line 308.
 1 SYSTEMPATH\Database\MySQLi\Connection.php(308): mysqli->query('SELECT * FROM eventsWHERE evt_description LIKE \'%1%\' AND evt_order_type = 0;', 0)
 2 SYSTEMPATH\Database\BaseConnection.php(721): CodeIgniter\Database\MySQLi\Connection->execute('SELECT * FROM eventsWHERE evt_description LIKE \'%1%\' AND evt_order_type = 0;')
 3 SYSTEMPATH\Database\BaseConnection.php(635): CodeIgniter\Database\BaseConnection->simpleQuery('SELECT * FROM eventsWHERE evt_description LIKE \'%1%\' AND evt_order_type = 0;')
 4 APPPATH\Models\Event.php(151): CodeIgniter\Database\BaseConnection->query('SELECT * FROM eventsWHERE evt_description LIKE ? AND evt_order_type = ?;', [...])
 5 APPPATH\Controllers\Home.php(17): App\Models\Event->find(Object(CodeIgniter\Database\MySQLi\Connection), '1', '', 0)
 6 SYSTEMPATH\CodeIgniter.php(933): App\Controllers\Home->index()
 7 SYSTEMPATH\CodeIgniter.php(509): CodeIgniter\CodeIgniter->runController(Object(App\Controllers\Home))
 8 SYSTEMPATH\CodeIgniter.php(355): CodeIgniter\CodeIgniter->handleRequest(null, Object(Config\Cache), false)
 9 SYSTEMPATH\Boot.php(312): CodeIgniter\CodeIgniter->run()
10 SYSTEMPATH\Boot.php(67): CodeIgniter\Boot::runCodeIgniter(Object(CodeIgniter\CodeIgniter))
11 FCPATH\index.php(56): CodeIgniter\Boot::bootWeb(Object(Config\Paths))
12 SYSTEMPATH\Commands\Server\rewrite.php(49): require_once('D:\\Github\\scr-codeigniter\\public\\index.php')
